<?xml version="1.0" encoding="UTF-8"?>
<testsuite name="MultipleThreeTest" tests="2" skipped="0" failures="0" errors="0" timestamp="2022-03-09T10:50:20" hostname="Sheetals-MacBook-Pro.local" time="0.04">
  <properties/>
  <testcase name="ShouldPrintFizzIfMultipleOf3()" classname="MultipleThreeTest" time="0.038"/>
  <testcase name="ShouldPrintBuzzIfMultipleOf5()" classname="MultipleThreeTest" time="0.001"/>
  <system-out><![CDATA[]]></system-out>
  <system-err><![CDATA[]]></system-err>
</testsuite>
